<?xml version="1.0" encoding="UTF-8"?>
<testng-results ignored="0" total="1" passed="1" failed="0" skipped="0">
  <reporter-output>
  </reporter-output>
  <suite started-at="2022-04-05T21:12:26 IRDT" name="Default suite" finished-at="2022-04-05T21:15:46 IRDT" duration-ms="200725">
    <groups>
    </groups>
    <test started-at="2022-04-05T21:12:26 IRDT" name="Default test" finished-at="2022-04-05T21:15:46 IRDT" duration-ms="200725">
      <class name="chapter03.S0309_Distinct_count">
        <test-method is-config="true" signature="beforeMethod()[pri:0, instance:chapter03.S0309_Distinct_count@1e730495]" started-at="2022-04-05T21:12:26 IRDT" name="beforeMethod" finished-at="2022-04-05T21:15:35 IRDT" duration-ms="189551" status="PASS">
          <reporter-output>
          </reporter-output>
        </test-method> <!-- beforeMethod -->
        <test-method signature="f()[pri:0, instance:chapter03.S0309_Distinct_count@1e730495]" started-at="2022-04-05T21:15:35 IRDT" name="f" finished-at="2022-04-05T21:15:46 IRDT" duration-ms="10988" status="PASS">
          <reporter-output>
          </reporter-output>
        </test-method> <!-- f -->
        <test-method is-config="true" signature="afterMethod()[pri:0, instance:chapter03.S0309_Distinct_count@1e730495]" started-at="2022-04-05T21:15:46 IRDT" name="afterMethod" finished-at="2022-04-05T21:15:46 IRDT" duration-ms="2" status="PASS">
          <reporter-output>
          </reporter-output>
        </test-method> <!-- afterMethod -->
      </class> <!-- chapter03.S0309_Distinct_count -->
    </test> <!-- Default test -->
  </suite> <!-- Default suite -->
</testng-results>
